<?xml version="1.0" encoding="UTF-8"?>
<!-- Generated by org.testng.reporters.JUnitXMLReporter -->
<testsuite hostname="DESKTOP-E467G5V" ignored="0" name="Command line test" tests="4" failures="0" timestamp="17 May 2019 17:03:09 GMT" time="53.583" errors="0">
  <testcase name="pruebaCantidadDeCampos" time="0.056" classname="tests.Testing"/>
  <testcase name="pruebaDos" time="4.901" classname="tests.Testing"/>
  <testcase name="pruebaTres" time="7.442" classname="tests.Testing"/>
  <testcase name="pruebauno" time="1.906" classname="tests.Testing"/>
</testsuite> <!-- Command line test -->
