<?xml version="1.0" encoding="UTF-8"?>
<!-- Generated by org.testng.reporters.JUnitXMLReporter -->
<testsuite hostname="DESKTOP-E467G5V" ignored="0" name="Command line test" tests="4" failures="0" timestamp="20 May 2019 15:07:25 GMT" time="61.758" errors="0">
  <testcase name="pruebaCantidadDeCampos" time="0.074" classname="tests.Testing"/>
  <testcase name="pruebaDos" time="5.017" classname="tests.Testing"/>
  <testcase name="pruebaTres" time="8.959" classname="tests.Testing"/>
  <testcase name="pruebauno" time="10.534" classname="tests.Testing"/>
</testsuite> <!-- Command line test -->
